build/app/intermediates/manifest_merge_blame_file/debug/processDebugMainManifest/manifest-merger-blame-debug-report.txt
1<?xml version="1.0" encoding="utf-8"?>
2<manifest xmlns:android="http://schemas.android.com/apk/res/android"
3    package="com.example.findmepcparts"
4    android:versionCode="1"
5    android:versionName="1.0.0" >
6
7    <uses-sdk
8        android:minSdkVersion="24"
9        android:targetSdkVersion="35" />
10    <!--
11         The INTERNET permission is required for development. Specifically,
12         the Flutter tool needs it to communicate with the running application
13         to allow setting breakpoints, to provide hot reload, etc.
14    -->
15    <uses-permission android:name="android.permission.INTERNET" />
15-->src/debug/AndroidManifest.xml:6:5-66
15-->src/debug/AndroidManifest.xml:6:22-64
16    <!--
17     Required to query activities that can process text, see:
18         https://developer.android.com/training/package-visibility and
19         https://developer.android.com/reference/android/content/Intent#ACTION_PROCESS_TEXT.
20
21         In particular, this is used by the Flutter engine in io.flutter.plugin.text.ProcessTextPlugin.
22    -->
23    <queries>
23-->src/main/AndroidManifest.xml:39:5-51:15
24        <intent>
24-->src/main/AndroidManifest.xml:40:9-43:18
25            <action android:name="android.intent.action.PROCESS_TEXT" />
25-->src/main/AndroidManifest.xml:41:13-72
25-->src/main/AndroidManifest.xml:41:21-70
26
27            <data android:mimeType="text/plain" />
27-->src/main/AndroidManifest.xml:42:13-50
27-->src/main/AndroidManifest.xml:42:19-48
28        </intent>
29
30        <!-- Check if browser available -->
31        <intent>
31-->src/main/AndroidManifest.xml:46:9-50:18
32            <action android:name="android.intent.action.VIEW" />
32-->src/main/AndroidManifest.xml:47:13-65
32-->src/main/AndroidManifest.xml:47:21-62
33
34            <category android:name="android.intent.category.BROWSABLE" />
34-->src/main/AndroidManifest.xml:48:13-74
34-->src/main/AndroidManifest.xml:48:23-71
35
36            <data android:scheme="https" />
36-->src/main/AndroidManifest.xml:42:13-50
37        </intent>
38    </queries>
39
40    <uses-permission android:name="android.permission.ACCESS_NETWORK_STATE" />
40-->[com.google.firebase:firebase-auth:23.2.0] AndroidManifest.xml:26:5-79
40-->[com.google.firebase:firebase-auth:23.2.0] AndroidManifest.xml:26:22-76
41    <uses-permission android:name="com.google.android.providers.gsf.permission.READ_GSERVICES" />
41-->[com.google.android.recaptcha:recaptcha:18.6.1] AndroidManifest.xml:9:5-98
41-->[com.google.android.recaptcha:recaptcha:18.6.1] AndroidManifest.xml:9:22-95
42
43    <permission
43-->[androidx.core:core:1.13.1] AndroidManifest.xml:22:5-24:47
44        android:name="com.example.findmepcparts.DYNAMIC_RECEIVER_NOT_EXPORTED_PERMISSION"
44-->[androidx.core:core:1.13.1] AndroidManifest.xml:23:9-81
45        android:protectionLevel="signature" />
45-->[androidx.core:core:1.13.1] AndroidManifest.xml:24:9-44
46
47    <uses-permission android:name="com.example.findmepcparts.DYNAMIC_RECEIVER_NOT_EXPORTED_PERMISSION" />
47-->[androidx.core:core:1.13.1] AndroidManifest.xml:26:5-97
47-->[androidx.core:core:1.13.1] AndroidManifest.xml:26:22-94
48
49    <application
50        android:name="android.app.Application"
51        android:appComponentFactory="androidx.core.app.CoreComponentFactory"
51-->[androidx.core:core:1.13.1] AndroidManifest.xml:28:18-86
52        android:debuggable="true"
53        android:extractNativeLibs="false"
54        android:icon="@mipmap/ic_launcher"
55        android:label="findmepcparts" >
56        <activity
57            android:name="com.example.findmepcparts.MainActivity"
58            android:configChanges="orientation|keyboardHidden|keyboard|screenSize|smallestScreenSize|locale|layoutDirection|fontScale|screenLayout|density|uiMode"
59            android:exported="true"
60            android:hardwareAccelerated="true"
61            android:launchMode="singleTop"
62            android:taskAffinity=""
63            android:theme="@style/LaunchTheme"
64            android:windowSoftInputMode="adjustResize" >
65
66            <!--
67                 Specifies an Android theme to apply to this Activity as soon as
68                 the Android process has started. This theme is visible to the user
69                 while the Flutter UI initializes. After that, this theme continues
70                 to determine the Window background behind the Flutter UI.
71            -->
72            <meta-data
73                android:name="io.flutter.embedding.android.NormalTheme"
74                android:resource="@style/NormalTheme" />
75
76            <intent-filter>
77                <action android:name="android.intent.action.MAIN" />
78
79                <category android:name="android.intent.category.LAUNCHER" />
80            </intent-filter>
81        </activity>
82        <!--
83             Don't delete the meta-data below.
84             This is used by the Flutter tool to generate GeneratedPluginRegistrant.java
85        -->
86        <meta-data
87            android:name="flutterEmbedding"
88            android:value="2" />
89
90        <service
90-->[:firebase_auth] AndroidManifest.xml:8:9-12:19
91            android:name="com.google.firebase.components.ComponentDiscoveryService"
91-->[:firebase_auth] AndroidManifest.xml:8:18-89
92            android:directBootAware="true"
92-->[com.google.firebase:firebase-common:21.0.0] AndroidManifest.xml:32:13-43
93            android:exported="false" >
93-->[com.google.firebase:firebase-auth:23.2.0] AndroidManifest.xml:68:13-37
94            <meta-data
94-->[:firebase_auth] AndroidManifest.xml:9:13-11:85
95                android:name="com.google.firebase.components:io.flutter.plugins.firebase.auth.FlutterFirebaseAuthRegistrar"
95-->[:firebase_auth] AndroidManifest.xml:10:17-124
96                android:value="com.google.firebase.components.ComponentRegistrar" />
96-->[:firebase_auth] AndroidManifest.xml:11:17-82
97            <meta-data
97-->[:cloud_firestore] AndroidManifest.xml:9:13-11:85
98                android:name="com.google.firebase.components:io.flutter.plugins.firebase.firestore.FlutterFirebaseFirestoreRegistrar"
98-->[:cloud_firestore] AndroidManifest.xml:10:17-134
99                android:value="com.google.firebase.components.ComponentRegistrar" />
99-->[:cloud_firestore] AndroidManifest.xml:11:17-82
100            <meta-data
100-->[:firebase_core] AndroidManifest.xml:9:13-11:85
101                android:name="com.google.firebase.components:io.flutter.plugins.firebase.core.FlutterFirebaseCoreRegistrar"
101-->[:firebase_core] AndroidManifest.xml:10:17-124
102                android:value="com.google.firebase.components.ComponentRegistrar" />
102-->[:firebase_core] AndroidManifest.xml:11:17-82
103            <meta-data
103-->[com.google.firebase:firebase-auth:23.2.0] AndroidManifest.xml:69:13-71:85
104                android:name="com.google.firebase.components:com.google.firebase.auth.FirebaseAuthRegistrar"
104-->[com.google.firebase:firebase-auth:23.2.0] AndroidManifest.xml:70:17-109
105                android:value="com.google.firebase.components.ComponentRegistrar" />
105-->[com.google.firebase:firebase-auth:23.2.0] AndroidManifest.xml:71:17-82
106            <meta-data
106-->[com.google.firebase:firebase-firestore:25.1.3] AndroidManifest.xml:17:13-19:85
107                android:name="com.google.firebase.components:com.google.firebase.firestore.FirebaseFirestoreKtxRegistrar"
107-->[com.google.firebase:firebase-firestore:25.1.3] AndroidManifest.xml:18:17-122
108                android:value="com.google.firebase.components.ComponentRegistrar" />
108-->[com.google.firebase:firebase-firestore:25.1.3] AndroidManifest.xml:19:17-82
109            <meta-data
109-->[com.google.firebase:firebase-firestore:25.1.3] AndroidManifest.xml:20:13-22:85
110                android:name="com.google.firebase.components:com.google.firebase.firestore.FirestoreRegistrar"
110-->[com.google.firebase:firebase-firestore:25.1.3] AndroidManifest.xml:21:17-111
111                android:value="com.google.firebase.components.ComponentRegistrar" />
111-->[com.google.firebase:firebase-firestore:25.1.3] AndroidManifest.xml:22:17-82
112            <meta-data
112-->[com.google.firebase:firebase-common-ktx:21.0.0] AndroidManifest.xml:12:13-14:85
113                android:name="com.google.firebase.components:com.google.firebase.ktx.FirebaseCommonLegacyRegistrar"
113-->[com.google.firebase:firebase-common-ktx:21.0.0] AndroidManifest.xml:13:17-116
114                android:value="com.google.firebase.components.ComponentRegistrar" />
114-->[com.google.firebase:firebase-common-ktx:21.0.0] AndroidManifest.xml:14:17-82
115            <meta-data
115-->[com.google.firebase:firebase-common:21.0.0] AndroidManifest.xml:35:13-37:85
116                android:name="com.google.firebase.components:com.google.firebase.FirebaseCommonKtxRegistrar"
116-->[com.google.firebase:firebase-common:21.0.0] AndroidManifest.xml:36:17-109
117                android:value="com.google.firebase.components.ComponentRegistrar" />
117-->[com.google.firebase:firebase-common:21.0.0] AndroidManifest.xml:37:17-82
118        </service>
119
120        <activity
120-->[com.google.firebase:firebase-auth:23.2.0] AndroidManifest.xml:29:9-46:20
121            android:name="com.google.firebase.auth.internal.GenericIdpActivity"
121-->[com.google.firebase:firebase-auth:23.2.0] AndroidManifest.xml:30:13-80
122            android:excludeFromRecents="true"
122-->[com.google.firebase:firebase-auth:23.2.0] AndroidManifest.xml:31:13-46
123            android:exported="true"
123-->[com.google.firebase:firebase-auth:23.2.0] AndroidManifest.xml:32:13-36
124            android:launchMode="singleTask"
124-->[com.google.firebase:firebase-auth:23.2.0] AndroidManifest.xml:33:13-44
125            android:theme="@android:style/Theme.Translucent.NoTitleBar" >
125-->[com.google.firebase:firebase-auth:23.2.0] AndroidManifest.xml:34:13-72
126            <intent-filter>
126-->[com.google.firebase:firebase-auth:23.2.0] AndroidManifest.xml:35:13-45:29
127                <action android:name="android.intent.action.VIEW" />
127-->src/main/AndroidManifest.xml:47:13-65
127-->src/main/AndroidManifest.xml:47:21-62
128
129                <category android:name="android.intent.category.DEFAULT" />
129-->[com.google.firebase:firebase-auth:23.2.0] AndroidManifest.xml:38:17-76
129-->[com.google.firebase:firebase-auth:23.2.0] AndroidManifest.xml:38:27-73
130                <category android:name="android.intent.category.BROWSABLE" />
130-->src/main/AndroidManifest.xml:48:13-74
130-->src/main/AndroidManifest.xml:48:23-71
131
132                <data
132-->src/main/AndroidManifest.xml:42:13-50
133                    android:host="firebase.auth"
134                    android:path="/"
135                    android:scheme="genericidp" />
136            </intent-filter>
137        </activity>
138        <activity
138-->[com.google.firebase:firebase-auth:23.2.0] AndroidManifest.xml:47:9-64:20
139            android:name="com.google.firebase.auth.internal.RecaptchaActivity"
139-->[com.google.firebase:firebase-auth:23.2.0] AndroidManifest.xml:48:13-79
140            android:excludeFromRecents="true"
140-->[com.google.firebase:firebase-auth:23.2.0] AndroidManifest.xml:49:13-46
141            android:exported="true"
141-->[com.google.firebase:firebase-auth:23.2.0] AndroidManifest.xml:50:13-36
142            android:launchMode="singleTask"
142-->[com.google.firebase:firebase-auth:23.2.0] AndroidManifest.xml:51:13-44
143            android:theme="@android:style/Theme.Translucent.NoTitleBar" >
143-->[com.google.firebase:firebase-auth:23.2.0] AndroidManifest.xml:52:13-72
144            <intent-filter>
144-->[com.google.firebase:firebase-auth:23.2.0] AndroidManifest.xml:53:13-63:29
145                <action android:name="android.intent.action.VIEW" />
145-->src/main/AndroidManifest.xml:47:13-65
145-->src/main/AndroidManifest.xml:47:21-62
146
147                <category android:name="android.intent.category.DEFAULT" />
147-->[com.google.firebase:firebase-auth:23.2.0] AndroidManifest.xml:38:17-76
147-->[com.google.firebase:firebase-auth:23.2.0] AndroidManifest.xml:38:27-73
148                <category android:name="android.intent.category.BROWSABLE" />
148-->src/main/AndroidManifest.xml:48:13-74
148-->src/main/AndroidManifest.xml:48:23-71
149
150                <data
150-->src/main/AndroidManifest.xml:42:13-50
151                    android:host="firebase.auth"
152                    android:path="/"
153                    android:scheme="recaptcha" />
154            </intent-filter>
155        </activity>
156        <activity
156-->[:url_launcher_android] AndroidManifest.xml:8:9-11:74
157            android:name="io.flutter.plugins.urllauncher.WebViewActivity"
157-->[:url_launcher_android] AndroidManifest.xml:9:13-74
158            android:exported="false"
158-->[:url_launcher_android] AndroidManifest.xml:10:13-37
159            android:theme="@android:style/Theme.NoTitleBar.Fullscreen" />
159-->[:url_launcher_android] AndroidManifest.xml:11:13-71
160
161        <uses-library
161-->[androidx.window:window:1.2.0] AndroidManifest.xml:23:9-25:40
162            android:name="androidx.window.extensions"
162-->[androidx.window:window:1.2.0] AndroidManifest.xml:24:13-54
163            android:required="false" />
163-->[androidx.window:window:1.2.0] AndroidManifest.xml:25:13-37
164        <uses-library
164-->[androidx.window:window:1.2.0] AndroidManifest.xml:26:9-28:40
165            android:name="androidx.window.sidecar"
165-->[androidx.window:window:1.2.0] AndroidManifest.xml:27:13-51
166            android:required="false" />
166-->[androidx.window:window:1.2.0] AndroidManifest.xml:28:13-37
167
168        <provider
168-->[com.google.firebase:firebase-common:21.0.0] AndroidManifest.xml:23:9-28:39
169            android:name="com.google.firebase.provider.FirebaseInitProvider"
169-->[com.google.firebase:firebase-common:21.0.0] AndroidManifest.xml:24:13-77
170            android:authorities="com.example.findmepcparts.firebaseinitprovider"
170-->[com.google.firebase:firebase-common:21.0.0] AndroidManifest.xml:25:13-72
171            android:directBootAware="true"
171-->[com.google.firebase:firebase-common:21.0.0] AndroidManifest.xml:26:13-43
172            android:exported="false"
172-->[com.google.firebase:firebase-common:21.0.0] AndroidManifest.xml:27:13-37
173            android:initOrder="100" />
173-->[com.google.firebase:firebase-common:21.0.0] AndroidManifest.xml:28:13-36
174
175        <service
175-->[androidx.credentials:credentials-play-services-auth:1.2.0-rc01] AndroidManifest.xml:24:9-32:19
176            android:name="androidx.credentials.playservices.CredentialProviderMetadataHolder"
176-->[androidx.credentials:credentials-play-services-auth:1.2.0-rc01] AndroidManifest.xml:25:13-94
177            android:enabled="true"
177-->[androidx.credentials:credentials-play-services-auth:1.2.0-rc01] AndroidManifest.xml:26:13-35
178            android:exported="false" >
178-->[androidx.credentials:credentials-play-services-auth:1.2.0-rc01] AndroidManifest.xml:27:13-37
179            <meta-data
179-->[androidx.credentials:credentials-play-services-auth:1.2.0-rc01] AndroidManifest.xml:29:13-31:104
180                android:name="androidx.credentials.CREDENTIAL_PROVIDER_KEY"
180-->[androidx.credentials:credentials-play-services-auth:1.2.0-rc01] AndroidManifest.xml:30:17-76
181                android:value="androidx.credentials.playservices.CredentialProviderPlayServicesImpl" />
181-->[androidx.credentials:credentials-play-services-auth:1.2.0-rc01] AndroidManifest.xml:31:17-101
182        </service>
183
184        <activity
184-->[androidx.credentials:credentials-play-services-auth:1.2.0-rc01] AndroidManifest.xml:34:9-41:20
185            android:name="androidx.credentials.playservices.HiddenActivity"
185-->[androidx.credentials:credentials-play-services-auth:1.2.0-rc01] AndroidManifest.xml:35:13-76
186            android:configChanges="orientation|screenSize|screenLayout|keyboardHidden"
186-->[androidx.credentials:credentials-play-services-auth:1.2.0-rc01] AndroidManifest.xml:36:13-87
187            android:enabled="true"
187-->[androidx.credentials:credentials-play-services-auth:1.2.0-rc01] AndroidManifest.xml:37:13-35
188            android:exported="false"
188-->[androidx.credentials:credentials-play-services-auth:1.2.0-rc01] AndroidManifest.xml:38:13-37
189            android:fitsSystemWindows="true"
189-->[androidx.credentials:credentials-play-services-auth:1.2.0-rc01] AndroidManifest.xml:39:13-45
190            android:theme="@style/Theme.Hidden" >
190-->[androidx.credentials:credentials-play-services-auth:1.2.0-rc01] AndroidManifest.xml:40:13-48
191        </activity>
192        <activity
192-->[com.google.android.gms:play-services-auth:20.7.0] AndroidManifest.xml:23:9-27:75
193            android:name="com.google.android.gms.auth.api.signin.internal.SignInHubActivity"
193-->[com.google.android.gms:play-services-auth:20.7.0] AndroidManifest.xml:24:13-93
194            android:excludeFromRecents="true"
194-->[com.google.android.gms:play-services-auth:20.7.0] AndroidManifest.xml:25:13-46
195            android:exported="false"
195-->[com.google.android.gms:play-services-auth:20.7.0] AndroidManifest.xml:26:13-37
196            android:theme="@android:style/Theme.Translucent.NoTitleBar" />
196-->[com.google.android.gms:play-services-auth:20.7.0] AndroidManifest.xml:27:13-72
197        <!--
198            Service handling Google Sign-In user revocation. For apps that do not integrate with
199            Google Sign-In, this service will never be started.
200        -->
201        <service
201-->[com.google.android.gms:play-services-auth:20.7.0] AndroidManifest.xml:33:9-37:51
202            android:name="com.google.android.gms.auth.api.signin.RevocationBoundService"
202-->[com.google.android.gms:play-services-auth:20.7.0] AndroidManifest.xml:34:13-89
203            android:exported="true"
203-->[com.google.android.gms:play-services-auth:20.7.0] AndroidManifest.xml:35:13-36
204            android:permission="com.google.android.gms.auth.api.signin.permission.REVOCATION_NOTIFICATION"
204-->[com.google.android.gms:play-services-auth:20.7.0] AndroidManifest.xml:36:13-107
205            android:visibleToInstantApps="true" />
205-->[com.google.android.gms:play-services-auth:20.7.0] AndroidManifest.xml:37:13-48
206
207        <activity
207-->[com.google.android.gms:play-services-base:18.1.0] AndroidManifest.xml:20:9-22:45
208            android:name="com.google.android.gms.common.api.GoogleApiActivity"
208-->[com.google.android.gms:play-services-base:18.1.0] AndroidManifest.xml:20:19-85
209            android:exported="false"
209-->[com.google.android.gms:play-services-base:18.1.0] AndroidManifest.xml:22:19-43
210            android:theme="@android:style/Theme.Translucent.NoTitleBar" />
210-->[com.google.android.gms:play-services-base:18.1.0] AndroidManifest.xml:21:19-78
211
212        <provider
212-->[androidx.lifecycle:lifecycle-process:2.7.0] AndroidManifest.xml:24:9-32:20
213            android:name="androidx.startup.InitializationProvider"
213-->[androidx.lifecycle:lifecycle-process:2.7.0] AndroidManifest.xml:25:13-67
214            android:authorities="com.example.findmepcparts.androidx-startup"
214-->[androidx.lifecycle:lifecycle-process:2.7.0] AndroidManifest.xml:26:13-68
215            android:exported="false" >
215-->[androidx.lifecycle:lifecycle-process:2.7.0] AndroidManifest.xml:27:13-37
216            <meta-data
216-->[androidx.lifecycle:lifecycle-process:2.7.0] AndroidManifest.xml:29:13-31:52
217                android:name="androidx.lifecycle.ProcessLifecycleInitializer"
217-->[androidx.lifecycle:lifecycle-process:2.7.0] AndroidManifest.xml:30:17-78
218                android:value="androidx.startup" />
218-->[androidx.lifecycle:lifecycle-process:2.7.0] AndroidManifest.xml:31:17-49
219            <meta-data
219-->[androidx.profileinstaller:profileinstaller:1.3.1] AndroidManifest.xml:29:13-31:52
220                android:name="androidx.profileinstaller.ProfileInstallerInitializer"
220-->[androidx.profileinstaller:profileinstaller:1.3.1] AndroidManifest.xml:30:17-85
221                android:value="androidx.startup" />
221-->[androidx.profileinstaller:profileinstaller:1.3.1] AndroidManifest.xml:31:17-49
222        </provider>
223
224        <meta-data
224-->[com.google.android.gms:play-services-basement:18.4.0] AndroidManifest.xml:6:9-122
225            android:name="com.google.android.gms.version"
225-->[com.google.android.gms:play-services-basement:18.4.0] AndroidManifest.xml:6:20-65
226            android:value="@integer/google_play_services_version" />
226-->[com.google.android.gms:play-services-basement:18.4.0] AndroidManifest.xml:6:66-119
227
228        <receiver
228-->[androidx.profileinstaller:profileinstaller:1.3.1] AndroidManifest.xml:34:9-52:20
229            android:name="androidx.profileinstaller.ProfileInstallReceiver"
229-->[androidx.profileinstaller:profileinstaller:1.3.1] AndroidManifest.xml:35:13-76
230            android:directBootAware="false"
230-->[androidx.profileinstaller:profileinstaller:1.3.1] AndroidManifest.xml:36:13-44
231            android:enabled="true"
231-->[androidx.profileinstaller:profileinstaller:1.3.1] AndroidManifest.xml:37:13-35
232            android:exported="true"
232-->[androidx.profileinstaller:profileinstaller:1.3.1] AndroidManifest.xml:38:13-36
233            android:permission="android.permission.DUMP" >
233-->[androidx.profileinstaller:profileinstaller:1.3.1] AndroidManifest.xml:39:13-57
234            <intent-filter>
234-->[androidx.profileinstaller:profileinstaller:1.3.1] AndroidManifest.xml:40:13-42:29
235                <action android:name="androidx.profileinstaller.action.INSTALL_PROFILE" />
235-->[androidx.profileinstaller:profileinstaller:1.3.1] AndroidManifest.xml:41:17-91
235-->[androidx.profileinstaller:profileinstaller:1.3.1] AndroidManifest.xml:41:25-88
236            </intent-filter>
237            <intent-filter>
237-->[androidx.profileinstaller:profileinstaller:1.3.1] AndroidManifest.xml:43:13-45:29
238                <action android:name="androidx.profileinstaller.action.SKIP_FILE" />
238-->[androidx.profileinstaller:profileinstaller:1.3.1] AndroidManifest.xml:44:17-85
238-->[androidx.profileinstaller:profileinstaller:1.3.1] AndroidManifest.xml:44:25-82
239            </intent-filter>
240            <intent-filter>
240-->[androidx.profileinstaller:profileinstaller:1.3.1] AndroidManifest.xml:46:13-48:29
241                <action android:name="androidx.profileinstaller.action.SAVE_PROFILE" />
241-->[androidx.profileinstaller:profileinstaller:1.3.1] AndroidManifest.xml:47:17-88
241-->[androidx.profileinstaller:profileinstaller:1.3.1] AndroidManifest.xml:47:25-85
242            </intent-filter>
243            <intent-filter>
243-->[androidx.profileinstaller:profileinstaller:1.3.1] AndroidManifest.xml:49:13-51:29
244                <action android:name="androidx.profileinstaller.action.BENCHMARK_OPERATION" />
244-->[androidx.profileinstaller:profileinstaller:1.3.1] AndroidManifest.xml:50:17-95
244-->[androidx.profileinstaller:profileinstaller:1.3.1] AndroidManifest.xml:50:25-92
245            </intent-filter>
246        </receiver> <!-- The activities will be merged into the manifest of the hosting app. -->
247        <activity
247-->[com.google.android.play:core-common:2.0.3] AndroidManifest.xml:14:9-18:65
248            android:name="com.google.android.play.core.common.PlayCoreDialogWrapperActivity"
248-->[com.google.android.play:core-common:2.0.3] AndroidManifest.xml:15:13-93
249            android:exported="false"
249-->[com.google.android.play:core-common:2.0.3] AndroidManifest.xml:16:13-37
250            android:stateNotNeeded="true"
250-->[com.google.android.play:core-common:2.0.3] AndroidManifest.xml:17:13-42
251            android:theme="@style/Theme.PlayCore.Transparent" />
251-->[com.google.android.play:core-common:2.0.3] AndroidManifest.xml:18:13-62
252    </application>
253
254</manifest>